Start testing: Feb 15 20:59 CET
----------------------------------------------------------
1/3 Testing: PID.ProportionalOnlyAndClamp
1/3 Test: PID.ProportionalOnlyAndClamp
Command: "/home/angerbode/bootdev/github.com/jd-rasmussen/pid_sim/build/pid_tests" "--gtest_filter=PID.ProportionalOnlyAndClamp" "--gtest_also_run_disabled_tests"
Directory: /home/angerbode/bootdev/github.com/jd-rasmussen/pid_sim/build
"PID.ProportionalOnlyAndClamp" start time: Feb 15 20:59 CET
Output:
----------------------------------------------------------
Running main() from ./googletest/src/gtest_main.cc
Note: Google Test filter = PID.ProportionalOnlyAndClamp
[==========] Running 1 test from 1 test suite.
[----------] Global test environment set-up.
[----------] 1 test from PID
[ RUN      ] PID.ProportionalOnlyAndClamp
[       OK ] PID.ProportionalOnlyAndClamp (0 ms)
[----------] 1 test from PID (0 ms total)

[----------] Global test environment tear-down
[==========] 1 test from 1 test suite ran. (0 ms total)
[  PASSED  ] 1 test.
<end of output>
Test time =   0.00 sec
----------------------------------------------------------
Test Passed.
"PID.ProportionalOnlyAndClamp" end time: Feb 15 20:59 CET
"PID.ProportionalOnlyAndClamp" time elapsed: 00:00:00
----------------------------------------------------------

2/3 Testing: PID.IntegralAfterTnApproxEqualsP
2/3 Test: PID.IntegralAfterTnApproxEqualsP
Command: "/home/angerbode/bootdev/github.com/jd-rasmussen/pid_sim/build/pid_tests" "--gtest_filter=PID.IntegralAfterTnApproxEqualsP" "--gtest_also_run_disabled_tests"
Directory: /home/angerbode/bootdev/github.com/jd-rasmussen/pid_sim/build
"PID.IntegralAfterTnApproxEqualsP" start time: Feb 15 20:59 CET
Output:
----------------------------------------------------------
Running main() from ./googletest/src/gtest_main.cc
Note: Google Test filter = PID.IntegralAfterTnApproxEqualsP
[==========] Running 1 test from 1 test suite.
[----------] Global test environment set-up.
[----------] 1 test from PID
[ RUN      ] PID.IntegralAfterTnApproxEqualsP
[       OK ] PID.IntegralAfterTnApproxEqualsP (0 ms)
[----------] 1 test from PID (0 ms total)

[----------] Global test environment tear-down
[==========] 1 test from 1 test suite ran. (0 ms total)
[  PASSED  ] 1 test.
<end of output>
Test time =   0.00 sec
----------------------------------------------------------
Test Passed.
"PID.IntegralAfterTnApproxEqualsP" end time: Feb 15 20:59 CET
"PID.IntegralAfterTnApproxEqualsP" time elapsed: 00:00:00
----------------------------------------------------------

3/3 Testing: PID.DtInvarianceSameTotalTimeSameOutput
3/3 Test: PID.DtInvarianceSameTotalTimeSameOutput
Command: "/home/angerbode/bootdev/github.com/jd-rasmussen/pid_sim/build/pid_tests" "--gtest_filter=PID.DtInvarianceSameTotalTimeSameOutput" "--gtest_also_run_disabled_tests"
Directory: /home/angerbode/bootdev/github.com/jd-rasmussen/pid_sim/build
"PID.DtInvarianceSameTotalTimeSameOutput" start time: Feb 15 20:59 CET
Output:
----------------------------------------------------------
Running main() from ./googletest/src/gtest_main.cc
Note: Google Test filter = PID.DtInvarianceSameTotalTimeSameOutput
[==========] Running 1 test from 1 test suite.
[----------] Global test environment set-up.
[----------] 1 test from PID
[ RUN      ] PID.DtInvarianceSameTotalTimeSameOutput
[       OK ] PID.DtInvarianceSameTotalTimeSameOutput (0 ms)
[----------] 1 test from PID (0 ms total)

[----------] Global test environment tear-down
[==========] 1 test from 1 test suite ran. (0 ms total)
[  PASSED  ] 1 test.
<end of output>
Test time =   0.00 sec
----------------------------------------------------------
Test Passed.
"PID.DtInvarianceSameTotalTimeSameOutput" end time: Feb 15 20:59 CET
"PID.DtInvarianceSameTotalTimeSameOutput" time elapsed: 00:00:00
----------------------------------------------------------

End testing: Feb 15 20:59 CET
